Failed to add the host to the list of known hosts (/homes/a/amirmoh4/.ssh/known_hosts.d/ug250.eecg.utoronto.ca).
Running: /cad2/ece344f/tester/scripts/lab4-01-pipe.py 
-- The C compiler identification is GNU 10.2.1
-- The CXX compiler identification is GNU 10.2.1
-- Detecting C compiler ABI info
-- Detecting C compiler ABI info - done
-- Check for working C compiler: /usr/bin/cc - skipped
-- Detecting C compile features
-- Detecting C compile features - done
-- Detecting CXX compiler ABI info
-- Detecting CXX compiler ABI info - done
-- Check for working CXX compiler: /usr/bin/c++ - skipped
-- Detecting CXX compile features
-- Detecting CXX compile features - done
-- Found Python3: /usr/bin/python3.9 (found version "3.9.2") found components: Interpreter 
-- Configuring done
-- Generating done
-- Build files have been written to: /nfs/ug/homes-0/a/amirmoh4/ece344/pipe/os-292/pipe/build
Scanning dependencies of target pipe
[ 50%] Building C object CMakeFiles/pipe.dir/pipe.c.o
/nfs/ug/homes-0/a/amirmoh4/ece344/pipe/os-292/pipe/pipe.c: In function ‘check_error’:
/nfs/ug/homes-0/a/amirmoh4/ece344/pipe/os-292/pipe/pipe.c:17:46: warning: unused parameter ‘message’ [-Wunused-parameter]
   17 | static void check_error(int ret, const char* message){
      |                                  ~~~~~~~~~~~~^~~~~~~
[100%] Linking C executable pipe
[100%] Built target pipe
Running tests...
Test project /nfs/ug/homes-0/a/amirmoh4/ece344/pipe/os-292/pipe/build
      Start  1: EmptyTest
 1/25 Test  #1: EmptyTest ........................   Passed    0.31 sec
      Start  2: ExitFalseTest
 2/25 Test  #2: ExitFalseTest ....................   Passed    0.31 sec
      Start  3: ExitInvalidTest
 3/25 Test  #3: ExitInvalidTest ..................   Passed    0.34 sec
      Start  4: ExitFalseInvalidTest
 4/25 Test  #4: ExitFalseInvalidTest .............   Passed    0.33 sec
      Start  5: ExitInvalidFalseTest
 5/25 Test  #5: ExitInvalidFalseTest .............   Passed    0.36 sec
      Start  6: ChildrenOneTest
 6/25 Test  #6: ChildrenOneTest ..................***Failed    0.48 sec
      Start  7: ChildrenTwoTest
 7/25 Test  #7: ChildrenTwoTest ..................***Failed    0.42 sec
      Start  8: ChildrenThreeTest
 8/25 Test  #8: ChildrenThreeTest ................***Failed    0.44 sec
      Start  9: ChildrenFourTest
 9/25 Test  #9: ChildrenFourTest .................***Failed    0.43 sec
      Start 10: ChildrenFiveTest
10/25 Test #10: ChildrenFiveTest .................***Failed    0.45 sec
      Start 11: ChildrenSixTest
11/25 Test #11: ChildrenSixTest ..................***Failed    0.43 sec
      Start 12: ChildrenSevenTest
12/25 Test #12: ChildrenSevenTest ................***Failed    0.45 sec
      Start 13: ChildrenEightTest
13/25 Test #13: ChildrenEightTest ................***Failed    0.42 sec
      Start 14: ChildrenNineTest
14/25 Test #14: ChildrenNineTest .................***Failed    0.39 sec
      Start 15: ChildrenTenTest
15/25 Test #15: ChildrenTenTest ..................***Failed    0.40 sec
      Start 16: PipeOneTest
16/25 Test #16: PipeOneTest ......................***Failed    0.43 sec
      Start 17: PipeTwoTest
17/25 Test #17: PipeTwoTest ......................***Failed    0.43 sec
      Start 18: PipeThreeTest
18/25 Test #18: PipeThreeTest ....................***Failed    0.46 sec
      Start 19: PipeFourTest
19/25 Test #19: PipeFourTest .....................***Failed    0.48 sec
      Start 20: PipeFiveTest
20/25 Test #20: PipeFiveTest .....................***Failed    0.57 sec
      Start 21: PipeSixTest
21/25 Test #21: PipeSixTest ......................***Failed    0.47 sec
      Start 22: PipeSevenTest
22/25 Test #22: PipeSevenTest ....................***Failed    0.58 sec
      Start 23: PipeEightTest
23/25 Test #23: PipeEightTest ....................***Failed    0.57 sec
      Start 24: PipeNineTest
24/25 Test #24: PipeNineTest .....................***Failed    0.49 sec
      Start 25: StdinTest
25/25 Test #25: StdinTest ........................   Passed    0.57 sec

24% tests passed, 19 tests failed out of 25

Total Test time (real) =  11.05 sec

The following tests FAILED:
	  6 - ChildrenOneTest (Failed)
	  7 - ChildrenTwoTest (Failed)
	  8 - ChildrenThreeTest (Failed)
	  9 - ChildrenFourTest (Failed)
	 10 - ChildrenFiveTest (Failed)
	 11 - ChildrenSixTest (Failed)
	 12 - ChildrenSevenTest (Failed)
	 13 - ChildrenEightTest (Failed)
	 14 - ChildrenNineTest (Failed)
	 15 - ChildrenTenTest (Failed)
	 16 - PipeOneTest (Failed)
	 17 - PipeTwoTest (Failed)
	 18 - PipeThreeTest (Failed)
	 19 - PipeFourTest (Failed)
	 20 - PipeFiveTest (Failed)
	 21 - PipeSixTest (Failed)
	 22 - PipeSevenTest (Failed)
	 23 - PipeEightTest (Failed)
	 24 - PipeNineTest (Failed)
Errors while running CTest
make: *** [Makefile:103: test] Error 8

You have received 25 marks out of a total of 100 marks.
tester.log not found
